2025-01-06 16:38:14 INFO  Utils:112 -
			[TestNG] Running:
  F:\SIMPLII\SIMPLII_AUTOMATION\AUTOMATION\OpencartV121\master.xml

2025-01-06 16:39:03 INFO  TC001_AccountRegistrationTest:21 -
			***** Starting TC001_AccountRegistrationTest  *****
2025-01-06 16:39:03 INFO  TC001_AccountRegistrationTest:28 -
			Clicked on MyAccount Link.. 
2025-01-06 16:39:09 INFO  TC001_AccountRegistrationTest:34 -
			Clicked on Register Link.. 
2025-01-06 16:39:09 INFO  TC001_AccountRegistrationTest:38 -
			Providing customer details...
2025-01-06 16:39:13 INFO  TC001_AccountRegistrationTest:55 -
			Validating expected message..
2025-01-06 16:39:13 INFO  TC001_AccountRegistrationTest:60 -
			Test passed
2025-01-06 16:39:13 INFO  TC001_AccountRegistrationTest:65 -
			***** Finished TC001_AccountRegistrationTest *****
2025-01-06 16:39:18 INFO  TC002_LoginTest:23 -
			***** Startign TC_002_LoginTest *****
2025-01-06 16:39:34 INFO  TC002_LoginTest:60 -
			***** Finished TC_002_LoginTest *****
2025-01-06 17:46:02 INFO  TC001_AccountRegistrationTest:21 -
			***** Starting TC001_AccountRegistrationTest  *****
2025-01-06 17:46:05 INFO  TC001_AccountRegistrationTest:28 -
			Clicked on MyAccount Link.. 
2025-01-06 17:46:07 INFO  TC001_AccountRegistrationTest:34 -
			Clicked on Register Link.. 
2025-01-06 17:46:07 INFO  TC001_AccountRegistrationTest:38 -
			Providing customer details...
2025-01-06 17:46:12 INFO  TC001_AccountRegistrationTest:55 -
			Validating expected message..
2025-01-06 17:46:12 INFO  TC001_AccountRegistrationTest:60 -
			Test passed
2025-01-06 17:46:12 INFO  TC001_AccountRegistrationTest:65 -
			***** Finished TC001_AccountRegistrationTest *****
2025-01-06 17:46:18 INFO  TC002_LoginTest:23 -
			***** Startign TC_002_LoginTest *****
2025-01-06 17:46:27 INFO  TC002_LoginTest:60 -
			***** Finished TC_002_LoginTest *****
2025-01-06 18:47:20 INFO  TC001_AccountRegistrationTest:21 -
			***** Starting TC001_AccountRegistrationTest  *****
2025-01-06 18:47:22 INFO  TC001_AccountRegistrationTest:28 -
			Clicked on MyAccount Link.. 
2025-01-06 18:47:24 INFO  TC001_AccountRegistrationTest:34 -
			Clicked on Register Link.. 
2025-01-06 18:47:24 INFO  TC001_AccountRegistrationTest:38 -
			Providing customer details...
2025-01-06 18:47:28 INFO  TC001_AccountRegistrationTest:55 -
			Validating expected message..
2025-01-06 18:47:28 INFO  TC001_AccountRegistrationTest:60 -
			Test passed
2025-01-06 18:47:28 INFO  TC001_AccountRegistrationTest:65 -
			***** Finished TC001_AccountRegistrationTest *****
2025-01-06 18:47:35 INFO  TC002_LoginTest:23 -
			***** Startign TC_002_LoginTest *****
2025-01-06 18:47:41 INFO  TC002_LoginTest:60 -
			***** Finished TC_002_LoginTest *****
2025-01-06 19:32:32 INFO  TC001_AccountRegistrationTest:21 -
			***** Starting TC001_AccountRegistrationTest  *****
2025-01-06 19:32:34 INFO  TC001_AccountRegistrationTest:28 -
			Clicked on MyAccount Link.. 
2025-01-06 19:32:37 INFO  TC001_AccountRegistrationTest:34 -
			Clicked on Register Link.. 
2025-01-06 19:32:37 INFO  TC001_AccountRegistrationTest:38 -
			Providing customer details...
2025-01-06 19:32:41 INFO  TC001_AccountRegistrationTest:55 -
			Validating expected message..
2025-01-06 19:32:41 INFO  TC001_AccountRegistrationTest:60 -
			Test passed
2025-01-06 19:32:41 INFO  TC001_AccountRegistrationTest:65 -
			***** Finished TC001_AccountRegistrationTest *****
2025-01-06 19:32:47 INFO  TC002_LoginTest:23 -
			***** Startign TC_002_LoginTest *****
2025-01-06 19:32:55 INFO  TC002_LoginTest:60 -
			***** Finished TC_002_LoginTest *****
