19:44:17.530 [main] INFO  api.test.UserTests2ReadDataFromPropertiesFile - **************User is Created****************
19:44:17.545 [main] INFO  api.test.UserTests2ReadDataFromPropertiesFile - **************Reading user info****************
19:44:18.951 [main] INFO  api.test.UserTests2ReadDataFromPropertiesFile - **************User info displayed****************
19:44:18.951 [main] INFO  api.test.UserTests2ReadDataFromPropertiesFile - **************Updating user info****************
19:44:21.857 [main] INFO  api.test.UserTests2ReadDataFromPropertiesFile - **************User info Updated****************
19:44:23.247 [main] INFO  api.test.UserTests2ReadDataFromPropertiesFile - **************Validated Updated info****************
19:44:23.247 [main] INFO  api.test.UserTests2ReadDataFromPropertiesFile - **************User info deleting****************
19:44:24.606 [main] INFO  api.test.UserTests2ReadDataFromPropertiesFile - **************User info deleted****************
18:40:01.280 [main] INFO  api.test.UserTests2ReadDataFromPropertiesFile - **************Creating the User****************
18:40:05.704 [main] INFO  api.test.UserTests2ReadDataFromPropertiesFile - **************User is Created****************
18:40:05.721 [main] INFO  api.test.UserTests2ReadDataFromPropertiesFile - **************Reading user info****************
18:40:07.155 [main] INFO  api.test.UserTests2ReadDataFromPropertiesFile - **************User info displayed****************
18:40:07.162 [main] INFO  api.test.UserTests2ReadDataFromPropertiesFile - **************Updating user info****************
18:40:10.098 [main] INFO  api.test.UserTests2ReadDataFromPropertiesFile - **************User info Updated****************
18:40:11.523 [main] INFO  api.test.UserTests2ReadDataFromPropertiesFile - **************Validated Updated info****************
18:40:11.530 [main] INFO  api.test.UserTests2ReadDataFromPropertiesFile - **************User info deleting****************
18:40:12.938 [main] INFO  api.test.UserTests2ReadDataFromPropertiesFile - **************User info deleted****************
18:56:09.390 [main] INFO  api.test.UserTests2ReadDataFromPropertiesFile - **************Creating the User****************
18:56:13.963 [main] INFO  api.test.UserTests2ReadDataFromPropertiesFile - **************User is Created****************
18:56:13.978 [main] INFO  api.test.UserTests2ReadDataFromPropertiesFile - **************Reading user info****************
18:56:15.404 [main] INFO  api.test.UserTests2ReadDataFromPropertiesFile - **************User info displayed****************
18:56:15.412 [main] INFO  api.test.UserTests2ReadDataFromPropertiesFile - **************Updating user info****************
18:56:18.248 [main] INFO  api.test.UserTests2ReadDataFromPropertiesFile - **************User info Updated****************
18:56:19.673 [main] INFO  api.test.UserTests2ReadDataFromPropertiesFile - **************Validated Updated info****************
18:56:19.680 [main] INFO  api.test.UserTests2ReadDataFromPropertiesFile - **************User info deleting****************
18:56:21.096 [main] INFO  api.test.UserTests2ReadDataFromPropertiesFile - **************User info deleted****************
21:21:59.497 [main] INFO  api.test.UserTests2ReadDataFromPropertiesFile - **************Creating the User****************
21:22:04.698 [main] INFO  api.test.UserTests2ReadDataFromPropertiesFile - **************User is Created****************
21:22:04.712 [main] INFO  api.test.UserTests2ReadDataFromPropertiesFile - **************Reading user info****************
21:22:06.169 [main] INFO  api.test.UserTests2ReadDataFromPropertiesFile - **************User info displayed****************
21:22:06.174 [main] INFO  api.test.UserTests2ReadDataFromPropertiesFile - **************Updating user info****************
21:22:08.945 [main] INFO  api.test.UserTests2ReadDataFromPropertiesFile - **************User info Updated****************
21:22:10.308 [main] INFO  api.test.UserTests2ReadDataFromPropertiesFile - **************Validated Updated info****************
21:22:10.315 [main] INFO  api.test.UserTests2ReadDataFromPropertiesFile - **************User info deleting****************
21:22:11.769 [main] INFO  api.test.UserTests2ReadDataFromPropertiesFile - **************User info deleted****************
21:22:51.672 [main] INFO  api.test.UserTests2ReadDataFromPropertiesFile - **************Creating the User****************
21:22:56.184 [main] INFO  api.test.UserTests2ReadDataFromPropertiesFile - **************User is Created****************
21:22:56.198 [main] INFO  api.test.UserTests2ReadDataFromPropertiesFile - **************Reading user info****************
21:22:57.649 [main] INFO  api.test.UserTests2ReadDataFromPropertiesFile - **************User info displayed****************
21:22:57.654 [main] INFO  api.test.UserTests2ReadDataFromPropertiesFile - **************Updating user info****************
21:23:00.495 [main] INFO  api.test.UserTests2ReadDataFromPropertiesFile - **************User info Updated****************
21:23:01.867 [main] INFO  api.test.UserTests2ReadDataFromPropertiesFile - **************Validated Updated info****************
21:23:01.875 [main] INFO  api.test.UserTests2ReadDataFromPropertiesFile - **************User info deleting****************
21:23:03.323 [main] INFO  api.test.UserTests2ReadDataFromPropertiesFile - **************User info deleted****************
