2024-12-28 21:58:22 INFO  Utils:112 -
			[TestNG] Running:
  F:\SIMPLII\SIMPLII_AUTOMATION\AUTOMATION\OpencartV121\grid-docker.xml

2024-12-28 21:58:51 INFO  TC001_AccountRegistrationTest:21 -
			***** Starting TC001_AccountRegistrationTest  *****
2024-12-28 21:58:53 INFO  TC001_AccountRegistrationTest:28 -
			Clicked on MyAccount Link.. 
2024-12-28 21:58:57 INFO  TC001_AccountRegistrationTest:34 -
			Clicked on Register Link.. 
2024-12-28 21:58:57 INFO  TC001_AccountRegistrationTest:38 -
			Providing customer details...
2024-12-28 21:59:08 INFO  TC001_AccountRegistrationTest:55 -
			Validating expected message..
2024-12-28 21:59:09 INFO  TC001_AccountRegistrationTest:60 -
			Test passed
2024-12-28 21:59:09 INFO  TC001_AccountRegistrationTest:65 -
			***** Finished TC001_AccountRegistrationTest *****
2024-12-28 21:59:14 INFO  TC002_LoginTest:23 -
			***** Startign TC_002_LoginTest *****
2024-12-28 21:59:23 INFO  TC002_LoginTest:60 -
			***** Finished TC_002_LoginTest *****
