2021-11-08 12:25:00,022 - Cucumber -INFO - *****Launched browser*****
[main] INFO Cucumber - *****Launched browser*****
2021-11-08 12:25:00,255 - Cucumber -INFO - *****Entered URL*****
[main] INFO Cucumber - *****Entered URL*****
2021-11-08 12:25:41,555 - Cucumber -INFO - *****Browser closed*****
[main] INFO Cucumber - *****Browser closed*****
2021-11-08 12:25:43,911 - Cucumber -INFO - *****Launched browser*****
[main] INFO Cucumber - *****Launched browser*****
2021-11-08 12:25:44,048 - Cucumber -INFO - *****Entered URL*****
[main] INFO Cucumber - *****Entered URL*****
2021-11-08 12:26:10,698 - Cucumber -INFO - *****Browser closed*****
[main] INFO Cucumber - *****Browser closed*****
2021-11-08 12:26:13,445 - Cucumber -INFO - *****Launched browser*****
[main] INFO Cucumber - *****Launched browser*****
2021-11-08 12:26:13,587 - Cucumber -INFO - *****Entered URL*****
[main] INFO Cucumber - *****Entered URL*****
2021-11-08 12:26:41,409 - Cucumber -INFO - *****Browser closed*****
[main] INFO Cucumber - *****Browser closed*****
2021-11-08 12:26:43,750 - Cucumber -INFO - *****Launched browser*****
[main] INFO Cucumber - *****Launched browser*****
2021-11-08 12:26:43,885 - Cucumber -INFO - *****Entered URL*****
[main] INFO Cucumber - *****Entered URL*****
2021-11-08 12:27:00,847 - Cucumber -INFO - *****Login passed*****
[main] INFO Cucumber - *****Login passed*****
2021-11-08 12:27:13,021 - Cucumber -INFO - *****Login passed*****
[main] INFO Cucumber - *****Login passed*****
2021-11-08 12:27:13,022 - Cucumber -INFO - *****Browser closed*****
[main] INFO Cucumber - *****Browser closed*****
2021-11-08 12:27:15,412 - Cucumber -INFO - *****Launched browser*****
[main] INFO Cucumber - *****Launched browser*****
2021-11-08 12:27:15,550 - Cucumber -INFO - *****Entered URL*****
[main] INFO Cucumber - *****Entered URL*****
2021-11-08 12:27:27,374 - Cucumber -INFO - *****Login passed*****
[main] INFO Cucumber - *****Login passed*****
2021-11-08 12:27:38,568 - Cucumber -INFO - *****Login passed*****
[main] INFO Cucumber - *****Login passed*****
2021-11-08 12:27:38,569 - Cucumber -INFO - *****Browser closed*****
[main] INFO Cucumber - *****Browser closed*****
2021-11-08 12:27:40,737 - Cucumber -INFO - *****Launched browser*****
[main] INFO Cucumber - *****Launched browser*****
2021-11-08 12:27:40,870 - Cucumber -INFO - *****Entered URL*****
[main] INFO Cucumber - *****Entered URL*****
2021-11-08 12:27:49,771 - Cucumber -INFO - *****Login failed*****
[main] INFO Cucumber - *****Login failed*****
2021-12-02 19:53:23,325 - Cucumber -INFO - *****Launched browser*****
[main] INFO Cucumber - *****Launched browser*****
2021-12-02 19:53:23,563 - Cucumber -INFO - *****Entered URL*****
[main] INFO Cucumber - *****Entered URL*****
2021-12-02 19:54:05,180 - Cucumber -INFO - *****Browser closed*****
[main] INFO Cucumber - *****Browser closed*****
2021-12-02 19:54:07,870 - Cucumber -INFO - *****Launched browser*****
[main] INFO Cucumber - *****Launched browser*****
2021-12-02 19:54:07,994 - Cucumber -INFO - *****Entered URL*****
[main] INFO Cucumber - *****Entered URL*****
2021-12-02 19:54:35,647 - Cucumber -INFO - *****Browser closed*****
[main] INFO Cucumber - *****Browser closed*****
2021-12-02 19:54:38,102 - Cucumber -INFO - *****Launched browser*****
[main] INFO Cucumber - *****Launched browser*****
2021-12-02 19:54:38,244 - Cucumber -INFO - *****Entered URL*****
[main] INFO Cucumber - *****Entered URL*****
2021-12-02 19:55:05,835 - Cucumber -INFO - *****Browser closed*****
[main] INFO Cucumber - *****Browser closed*****
2021-12-06 22:05:44,522 - Cucumber -INFO - *****Launched browser*****
[main] INFO Cucumber - *****Launched browser*****
2021-12-06 23:19:02,254 - Cucumber -INFO - *****Launched browser*****
[main] INFO Cucumber - *****Launched browser*****
