2025-04-12 17:54:08 [main] INFO  testCases.TC001_AccountRegestrationTest - *****Starting TC001_AccountRegestrationTest*****
2025-04-12 17:54:08 [main] DEBUG testCases.TC001_AccountRegestrationTest - This is a debug log message
2025-04-12 17:54:09 [main] INFO  testCases.TC001_AccountRegestrationTest - Navigated to HomePage
2025-04-12 17:54:11 [main] INFO  testCases.TC001_AccountRegestrationTest - Clicked on 'Register' Link
2025-04-12 17:54:12 [main] INFO  testCases.TC001_AccountRegestrationTest - Entering the Customer Registration Details 1
2025-04-12 17:54:13 [main] INFO  testCases.TC001_AccountRegestrationTest - Entering the Customer Registration Details 2
2025-04-12 17:54:15 [main] INFO  testCases.TC001_AccountRegestrationTest - Enterd into Logged in page
2025-04-12 17:54:15 [main] INFO  testCases.TC001_AccountRegestrationTest - Test Passed
2025-04-12 17:54:15 [main] INFO  testCases.TC001_AccountRegestrationTest - *****Starting TC003_LogoutTest*****
2025-04-12 17:54:15 [main] DEBUG testCases.TC001_AccountRegestrationTest - This is a debug log message
2025-04-12 17:54:15 [main] INFO  testCases.TC001_AccountRegestrationTest - *****Starting TC003_LogoutTest*****
2025-04-12 17:54:17 [main] INFO  testCases.TC001_AccountRegestrationTest - Clicked on Logout
2025-04-12 17:54:17 [main] INFO  testCases.TC001_AccountRegestrationTest - Test Passed
2025-04-12 17:54:17 [main] INFO  testCases.TC001_AccountRegestrationTest - *****Finished TC003_LogoutTest*****
2025-04-12 17:54:17 [main] INFO  testCases.TC001_AccountRegestrationTest - *****Finished TC001_AccountRegestrationTest*****
2025-04-12 17:54:17 [main] INFO  testCases.TC002_LoginTest - *****Starting TC002_LoginTest*****
2025-04-12 17:54:17 [main] DEBUG testCases.TC002_LoginTest - This is a debug log message
2025-04-12 17:54:17 [main] INFO  testCases.TC002_LoginTest - Navigated to HomePage
2025-04-12 17:54:18 [main] INFO  testCases.TC002_LoginTest - Navigated to 'Login Page'
2025-04-12 17:54:19 [main] INFO  testCases.TC002_LoginTest - Entered Croji@gmail.com as Email ID
2025-04-12 17:54:19 [main] INFO  testCases.TC002_LoginTest - Entered Yfiv@594 as Password
2025-04-12 17:54:21 [main] INFO  testCases.TC002_LoginTest - Navigated to Logged-in page
2025-04-12 17:54:26 [main] INFO  testCases.TC002_LoginTest - Test Passed
2025-04-12 17:54:26 [main] INFO  testCases.TC002_LoginTest - *****Finished TC002_LoginTest*****
2025-04-12 17:54:26 [main] INFO  testCases.TC003_LogoutTest - *****Starting TC003_LogoutTest*****
2025-04-12 17:54:26 [main] DEBUG testCases.TC003_LogoutTest - This is a debug log message
2025-04-12 17:54:26 [main] INFO  testCases.TC003_LogoutTest - *****Starting TC003_LogoutTest*****
2025-04-12 17:54:28 [main] INFO  testCases.TC003_LogoutTest - Clicked on Logout
2025-04-12 17:54:28 [main] INFO  testCases.TC003_LogoutTest - Test Passed
2025-04-12 17:54:28 [main] INFO  testCases.TC003_LogoutTest - *****Finished TC003_LogoutTest*****
